This is pdfTeX, Version 3.141592653-2.6-1.40.24 (MiKTeX 22.1) (preloaded format=pdflatex 2022.2.5)  13 JUN 2024 11:54
entering extended mode
 restricted \write18 enabled.
 %&-line parsing enabled.
**C:/Users/Leonardo/AppData/Local/Temp/RtmpaQXv8I/Rd2pdf29c81f58459d/Rd2.tex
(C:/Users/Leonardo/AppData/Local/Temp/RtmpaQXv8I/Rd2pdf29c81f58459d/Rd2.tex
LaTeX2e <2021-11-15> patch level 1
L3 programming layer <2022-01-21>
(C:\Users\Leonardo\AppData\Local\Programs\MiKTeX\tex/latex/base\book.cls
Document Class: book 2021/10/04 v1.4n Standard LaTeX document class
(C:\Users\Leonardo\AppData\Local\Programs\MiKTeX\tex/latex/base\bk10.clo
File: bk10.clo 2021/10/04 v1.4n Standard LaTeX file (size option)
)
\c@part=\count185
\c@chapter=\count186
\c@section=\count187
\c@subsection=\count188
\c@subsubsection=\count189
\c@paragraph=\count190
\c@subparagraph=\count191
\c@figure=\count192
\c@table=\count193
\abovecaptionskip=\skip47
\belowcaptionskip=\skip48
\bibindent=\dimen138
)
(C:/PROGRA~1/R/R-43~1.1/share/texmf/tex/latex\Rd.sty
Package: Rd 

(C:\Users\Leonardo\AppData\Local\Programs\MiKTeX\tex/latex/base\ifthen.sty
Package: ifthen 2020/11/24 v1.1c Standard LaTeX ifthen package (DPC)
)
(C:\Users\Leonardo\AppData\Local\Programs\MiKTeX\tex/latex/tools\longtable.sty
Package: longtable 2021-09-01 v4.17 Multi-page Table package (DPC)
\LTleft=\skip49
\LTright=\skip50
\LTpre=\skip51
\LTpost=\skip52
\LTchunksize=\count194
\LTcapwidth=\dimen139
\LT@head=\box50
\LT@firsthead=\box51
\LT@foot=\box52
\LT@lastfoot=\box53
\LT@gbox=\box54
\LT@cols=\count195
\LT@rows=\count196
\c@LT@tables=\count197
\c@LT@chunks=\count198
\LT@p@ftn=\toks16
) (C:\Users\Leonardo\AppData\Local\Programs\MiKTeX\tex/latex/tools\bm.sty
Package: bm 2021/04/25 v1.2e Bold Symbol Support (DPC/FMi)
\symboldoperators=\mathgroup4
\symboldletters=\mathgroup5
\symboldsymbols=\mathgroup6
Package bm Info: No bold for \OMX/cmex/m/n, using \pmb.
LaTeX Font Info:    Redeclaring math alphabet \mathbf on input line 149.
)
(C:\Users\Leonardo\AppData\Local\Programs\MiKTeX\tex/latex/base\alltt.sty
Package: alltt 2021/01/29 v2.0g defines alltt environment
)
(C:\Users\Leonardo\AppData\Local\Programs\MiKTeX\tex/latex/tools\verbatim.sty
Package: verbatim 2020-07-07 v1.5u LaTeX2e package for verbatim enhancements
\every@verbatim=\toks17
\verbatim@line=\toks18
\verbatim@in@stream=\read2
)
(C:\Users\Leonardo\AppData\Local\Programs\MiKTeX\tex/latex/url\url.sty
\Urlmuskip=\muskip16
Package: url 2013/09/16  ver 3.4  Verb mode for urls, etc.
)
(C:\Users\Leonardo\AppData\Local\Programs\MiKTeX\tex/latex/base\textcomp.sty
Package: textcomp 2020/02/02 v2.0n Standard LaTeX package
)
(C:\Users\Leonardo\AppData\Local\Programs\MiKTeX\tex/latex/amsmath\amsmath.sty
Package: amsmath 2021/10/15 v2.17l AMS math features
\@mathmargin=\skip53

For additional information on amsmath, use the `?' option.
(C:\Users\Leonardo\AppData\Local\Programs\MiKTeX\tex/latex/amsmath\amstext.sty
Package: amstext 2021/08/26 v2.01 AMS text

(C:\Users\Leonardo\AppData\Local\Programs\MiKTeX\tex/latex/amsmath\amsgen.sty
File: amsgen.sty 1999/11/30 v2.0 generic functions
\@emptytoks=\toks19
\ex@=\dimen140
)) (C:\Users\Leonardo\AppData\Local\Programs\MiKTeX\tex/latex/amsmath\amsbsy.st
y
Package: amsbsy 1999/11/29 v1.2d Bold Symbols
LaTeX Info: Redefining \boldsymbol on input line 28.
\pmbraise@=\dimen141
) (C:\Users\Leonardo\AppData\Local\Programs\MiKTeX\tex/latex/amsmath\amsopn.sty
Package: amsopn 2021/08/26 v2.02 operator names
)
\inf@bad=\count199
LaTeX Info: Redefining \frac on input line 234.
\uproot@=\count266
\leftroot@=\count267
LaTeX Info: Redefining \overline on input line 399.
\classnum@=\count268
\DOTSCASE@=\count269
LaTeX Info: Redefining \ldots on input line 496.
LaTeX Info: Redefining \dots on input line 499.
LaTeX Info: Redefining \cdots on input line 620.
\Mathstrutbox@=\box55
\strutbox@=\box56
\big@size=\dimen142
LaTeX Font Info:    Redeclaring font encoding OML on input line 743.
LaTeX Font Info:    Redeclaring font encoding OMS on input line 744.
\macc@depth=\count270
\c@MaxMatrixCols=\count271
\dotsspace@=\muskip17
\c@parentequation=\count272
\dspbrk@lvl=\count273
\tag@help=\toks20
\row@=\count274
\column@=\count275
\maxfields@=\count276
\andhelp@=\toks21
\eqnshift@=\dimen143
\alignsep@=\dimen144
\tagshift@=\dimen145
\tagwidth@=\dimen146
\totwidth@=\dimen147
\lineht@=\dimen148
\@envbody=\toks22
\multlinegap=\skip54
\multlinetaggap=\skip55
\mathdisplay@stack=\toks23
LaTeX Info: Redefining \[ on input line 2938.
LaTeX Info: Redefining \] on input line 2939.
)
(C:\Users\Leonardo\AppData\Local\Programs\MiKTeX\tex/latex/amsfonts\amsfonts.st
y
Package: amsfonts 2013/01/14 v3.01 Basic AMSFonts support
\symAMSa=\mathgroup7
\symAMSb=\mathgroup8
LaTeX Font Info:    Redeclaring math symbol \hbar on input line 98.
LaTeX Font Info:    Overwriting math alphabet `\mathfrak' in version `bold'
(Font)                  U/euf/m/n --> U/euf/b/n on input line 106.
)
(C:\Users\Leonardo\AppData\Local\Programs\MiKTeX\tex/latex/amsfonts\amssymb.sty
Package: amssymb 2013/01/14 v3.01 AMS font symbols
)
(C:\Users\Leonardo\AppData\Local\Programs\MiKTeX\tex/latex/jknappen\mathrsfs.st
y
Package: mathrsfs 1996/01/01 Math RSFS package v1.0 (jk)
\symrsfs=\mathgroup9
)
\ldescriptionwidth=\skip56
 (C:\Users\Leonardo\AppData\Local\Programs\MiKTeX\tex/generic/iftex\iftex.sty
Package: iftex 2020/03/06 v1.0d TeX engine tests
) (C:\Users\Leonardo\AppData\Local\Programs\MiKTeX\tex/latex/base\fontenc.sty
Package: fontenc 2021/04/29 v2.0v Standard LaTeX package
)
(C:\Users\Leonardo\AppData\Local\Programs\MiKTeX\tex/latex/psnfss\times.sty
Package: times 2020/03/25 PSNFSS-v9.3 (SPQR) 
)
(C:\Users\Leonardo\AppData\Local\Programs\MiKTeX\tex/latex/inconsolata\zi4.sty
Package: zi4 2019/05/17 v1.12

`inconsolata-zi4' v1.12, 2019/05/17 Text macros for Inconsolata (msharpe)
(C:\Users\Leonardo\AppData\Local\Programs\MiKTeX\tex/latex/xkeyval\xkeyval.sty
Package: xkeyval 2020/11/20 v2.8 package option processing (HA)

(C:\Users\Leonardo\AppData\Local\Programs\MiKTeX\tex/generic/xkeyval\xkeyval.te
x
(C:\Users\Leonardo\AppData\Local\Programs\MiKTeX\tex/generic/xkeyval\xkvutils.t
ex
\XKV@toks=\toks24
\XKV@tempa@toks=\toks25

(C:\Users\Leonardo\AppData\Local\Programs\MiKTeX\tex/generic/xkeyval\keyval.tex
))
\XKV@depth=\count277
File: xkeyval.tex 2014/12/03 v2.7a key=value parser (HA)
))
\zifour@ocount=\count278
)
(C:\Users\Leonardo\AppData\Local\Programs\MiKTeX\tex/latex/graphics\color.sty
Package: color 2021/12/07 v1.3c Standard LaTeX Color (DPC)

(C:\Users\Leonardo\AppData\Local\Programs\MiKTeX\tex/latex/graphics-cfg\color.c
fg
File: color.cfg 2016/01/02 v1.6 sample color configuration
)
Package color Info: Driver file: pdftex.def on input line 149.

(C:\Users\Leonardo\AppData\Local\Programs\MiKTeX\tex/latex/graphics-def\pdftex.
def
File: pdftex.def 2020/10/05 v1.2a Graphics/color driver for pdftex
))
(C:\Users\Leonardo\AppData\Local\Programs\MiKTeX\tex/latex/hyperref\hyperref.st
y
Package: hyperref 2021-06-07 v7.00m Hypertext links for LaTeX

(C:\Users\Leonardo\AppData\Local\Programs\MiKTeX\tex/generic/ltxcmds\ltxcmds.st
y
Package: ltxcmds 2020-05-10 v1.25 LaTeX kernel commands for general use (HO)
)
(C:\Users\Leonardo\AppData\Local\Programs\MiKTeX\tex/generic/pdftexcmds\pdftexc
mds.sty
Package: pdftexcmds 2020-06-27 v0.33 Utility functions of pdfTeX for LuaTeX (HO
)

(C:\Users\Leonardo\AppData\Local\Programs\MiKTeX\tex/generic/infwarerr\infwarer
r.sty
Package: infwarerr 2019/12/03 v1.5 Providing info/warning/error messages (HO)
)
Package pdftexcmds Info: \pdf@primitive is available.
Package pdftexcmds Info: \pdf@ifprimitive is available.
Package pdftexcmds Info: \pdfdraftmode found.
)
(C:\Users\Leonardo\AppData\Local\Programs\MiKTeX\tex/generic/kvsetkeys\kvsetkey
s.sty
Package: kvsetkeys 2019/12/15 v1.18 Key value parser (HO)
)
(C:\Users\Leonardo\AppData\Local\Programs\MiKTeX\tex/generic/kvdefinekeys\kvdef
inekeys.sty
Package: kvdefinekeys 2019-12-19 v1.6 Define keys (HO)
)
(C:\Users\Leonardo\AppData\Local\Programs\MiKTeX\tex/generic/pdfescape\pdfescap
e.sty
Package: pdfescape 2019/12/09 v1.15 Implements pdfTeX's escape features (HO)
)
(C:\Users\Leonardo\AppData\Local\Programs\MiKTeX\tex/latex/hycolor\hycolor.sty
Package: hycolor 2020-01-27 v1.10 Color options for hyperref/bookmark (HO)
)
(C:\Users\Leonardo\AppData\Local\Programs\MiKTeX\tex/latex/letltxmacro\letltxma
cro.sty
Package: letltxmacro 2019/12/03 v1.6 Let assignment for LaTeX macros (HO)
)
(C:\Users\Leonardo\AppData\Local\Programs\MiKTeX\tex/latex/auxhook\auxhook.sty
Package: auxhook 2019-12-17 v1.6 Hooks for auxiliary files (HO)
)
(C:\Users\Leonardo\AppData\Local\Programs\MiKTeX\tex/latex/kvoptions\kvoptions.
sty
Package: kvoptions 2020-10-07 v3.14 Key value format for package options (HO)
)
\@linkdim=\dimen149
\Hy@linkcounter=\count279
\Hy@pagecounter=\count280

(C:\Users\Leonardo\AppData\Local\Programs\MiKTeX\tex/latex/hyperref\pd1enc.def
File: pd1enc.def 2021-06-07 v7.00m Hyperref: PDFDocEncoding definition (HO)
Now handling font encoding PD1 ...
... no UTF-8 mapping file for font encoding PD1
)
(C:\Users\Leonardo\AppData\Local\Programs\MiKTeX\tex/latex/hyperref\hyperref-la
ngpatches.def
File: hyperref-langpatches.def 2021-06-07 v7.00m Hyperref: patches for babel la
nguages
)
(C:\Users\Leonardo\AppData\Local\Programs\MiKTeX\tex/generic/intcalc\intcalc.st
y
Package: intcalc 2019/12/15 v1.3 Expandable calculations with integers (HO)
)
(C:\Users\Leonardo\AppData\Local\Programs\MiKTeX\tex/generic/etexcmds\etexcmds.
sty
Package: etexcmds 2019/12/15 v1.7 Avoid name clashes with e-TeX commands (HO)
)
\Hy@SavedSpaceFactor=\count281

(C:\Users\Leonardo\AppData\Local\Programs\MiKTeX\tex/latex/hyperref\puenc.def
File: puenc.def 2021-06-07 v7.00m Hyperref: PDF Unicode definition (HO)
Now handling font encoding PU ...
... no UTF-8 mapping file for font encoding PU
)
Package hyperref Info: Hyper figures OFF on input line 4192.
Package hyperref Info: Link nesting OFF on input line 4197.
Package hyperref Info: Hyper index ON on input line 4200.
Package hyperref Info: Plain pages OFF on input line 4207.
Package hyperref Info: Backreferencing OFF on input line 4212.
Package hyperref Info: Implicit mode ON; LaTeX internals redefined.
Package hyperref Info: Bookmarks ON on input line 4445.
\c@Hy@tempcnt=\count282
LaTeX Info: Redefining \url on input line 4804.
\XeTeXLinkMargin=\dimen150

(C:\Users\Leonardo\AppData\Local\Programs\MiKTeX\tex/generic/bitset\bitset.sty
Package: bitset 2019/12/09 v1.3 Handle bit-vector datatype (HO)

(C:\Users\Leonardo\AppData\Local\Programs\MiKTeX\tex/generic/bigintcalc\bigintc
alc.sty
Package: bigintcalc 2019/12/15 v1.5 Expandable calculations on big integers (HO
)
))
\Fld@menulength=\count283
\Field@Width=\dimen151
\Fld@charsize=\dimen152
Package hyperref Info: Hyper figures OFF on input line 6076.
Package hyperref Info: Link nesting OFF on input line 6081.
Package hyperref Info: Hyper index ON on input line 6084.
Package hyperref Info: backreferencing OFF on input line 6091.
Package hyperref Info: Link coloring OFF on input line 6096.
Package hyperref Info: Link coloring with OCG OFF on input line 6101.
Package hyperref Info: PDF/A mode OFF on input line 6106.
LaTeX Info: Redefining \ref on input line 6146.
LaTeX Info: Redefining \pageref on input line 6150.

(C:\Users\Leonardo\AppData\Local\Programs\MiKTeX\tex/latex/base\atbegshi-ltx.st
y
Package: atbegshi-ltx 2021/01/10 v1.0c Emulation of the original atbegshi
package with kernel methods
)
\Hy@abspage=\count284
\c@Item=\count285
\c@Hfootnote=\count286
)
Package hyperref Info: Driver (autodetected): hpdftex.

(C:\Users\Leonardo\AppData\Local\Programs\MiKTeX\tex/latex/hyperref\hpdftex.def
File: hpdftex.def 2021-06-07 v7.00m Hyperref driver for pdfTeX

(C:\Users\Leonardo\AppData\Local\Programs\MiKTeX\tex/latex/base\atveryend-ltx.s
ty
Package: atveryend-ltx 2020/08/19 v1.0a Emulation of the original atveryend pac
kage
with kernel methods
)
\Fld@listcount=\count287
\c@bookmark@seq@number=\count288

(C:\Users\Leonardo\AppData\Local\Programs\MiKTeX\tex/latex/rerunfilecheck\rerun
filecheck.sty
Package: rerunfilecheck 2019/12/05 v1.9 Rerun checks for auxiliary files (HO)

(C:\Users\Leonardo\AppData\Local\Programs\MiKTeX\tex/generic/uniquecounter\uniq
uecounter.sty
Package: uniquecounter 2019/12/15 v1.4 Provide unlimited unique counter (HO)
)
Package uniquecounter Info: New unique counter `rerunfilecheck' on input line 2
86.
)
\Hy@SectionHShift=\skip57
)
Package hyperref Info: Option `colorlinks' set `true' on input line 390.
Package hyperref Info: Option `linktocpage' set `true' on input line 390.
Package hyperref Info: Option `plainpages' set `false' on input line 390.
)
(C:\Users\Leonardo\AppData\Local\Programs\MiKTeX\tex/latex/base\makeidx.sty
Package: makeidx 2021/10/04 v1.0m Standard LaTeX package
)
(C:\Users\Leonardo\AppData\Local\Programs\MiKTeX\tex/latex/base\inputenc.sty
Package: inputenc 2021/02/14 v1.3d Input encoding file
\inpenc@prehook=\toks26
\inpenc@posthook=\toks27
)
\@indexfile=\write3
\openout3 = `Rd2.idx'.


Writing index file Rd2.idx
LaTeX Font Info:    Trying to load font information for T1+ptm on input line 8.

(C:\Users\Leonardo\AppData\Local\Programs\MiKTeX\tex/latex/psnfss\t1ptm.fd
File: t1ptm.fd 2001/06/04 font definitions for T1/ptm.
)
(C:\Users\Leonardo\AppData\Local\Programs\MiKTeX\tex/latex/l3backend\l3backend-
pdftex.def
File: l3backend-pdftex.def 2022-01-12 L3 backend support: PDF output (pdfTeX)
\l__color_backend_stack_int=\count289
\l__pdf_internal_box=\box57
) (Rd2.aux)
\openout1 = `Rd2.aux'.

LaTeX Font Info:    Checking defaults for OML/cmm/m/it on input line 8.
LaTeX Font Info:    ... okay on input line 8.
LaTeX Font Info:    Checking defaults for OMS/cmsy/m/n on input line 8.
LaTeX Font Info:    ... okay on input line 8.
LaTeX Font Info:    Checking defaults for OT1/cmr/m/n on input line 8.
LaTeX Font Info:    ... okay on input line 8.
LaTeX Font Info:    Checking defaults for T1/cmr/m/n on input line 8.
LaTeX Font Info:    ... okay on input line 8.
LaTeX Font Info:    Checking defaults for TS1/cmr/m/n on input line 8.
LaTeX Font Info:    ... okay on input line 8.
LaTeX Font Info:    Checking defaults for OMX/cmex/m/n on input line 8.
LaTeX Font Info:    ... okay on input line 8.
LaTeX Font Info:    Checking defaults for U/cmr/m/n on input line 8.
LaTeX Font Info:    ... okay on input line 8.
LaTeX Font Info:    Checking defaults for PD1/pdf/m/n on input line 8.
LaTeX Font Info:    ... okay on input line 8.
LaTeX Font Info:    Checking defaults for PU/pdf/m/n on input line 8.
LaTeX Font Info:    ... okay on input line 8.

(C:\Users\Leonardo\AppData\Local\Programs\MiKTeX\tex/context/base/mkii\supp-pdf
.mkii
[Loading MPS to PDF converter (version 2006.09.02).]
\scratchcounter=\count290
\scratchdimen=\dimen153
\scratchbox=\box58
\nofMPsegments=\count291
\nofMParguments=\count292
\everyMPshowfont=\toks28
\MPscratchCnt=\count293
\MPscratchDim=\dimen154
\MPnumerator=\count294
\makeMPintoPDFobject=\count295
\everyMPtoPDFconversion=\toks29
)
Package hyperref Info: Link coloring ON on input line 8.

(C:\Users\Leonardo\AppData\Local\Programs\MiKTeX\tex/latex/hyperref\nameref.sty
Package: nameref 2021-04-02 v2.47 Cross-referencing by name of section

(C:\Users\Leonardo\AppData\Local\Programs\MiKTeX\tex/latex/refcount\refcount.st
y
Package: refcount 2019/12/15 v3.6 Data extraction from label references (HO)
)
(C:\Users\Leonardo\AppData\Local\Programs\MiKTeX\tex/generic/gettitlestring\get
titlestring.sty
Package: gettitlestring 2019/12/15 v1.6 Cleanup title references (HO)
)
\c@section@level=\count296
)
LaTeX Info: Redefining \ref on input line 8.
LaTeX Info: Redefining \pageref on input line 8.
LaTeX Info: Redefining \nameref on input line 8.
 (Rd2.out) (Rd2.out)
\@outlinefile=\write4
\openout4 = `Rd2.out'.

LaTeX Font Info:    Trying to load font information for T1+zi4 on input line 23
.

(C:\Users\Leonardo\AppData\Local\Programs\MiKTeX\tex/latex/inconsolata\t1zi4.fd
File: t1zi4.fd 2018/01/14 T1/zi4 (Inconsolata)
)
LaTeX Font Info:    Font shape `T1/zi4/m/n' will be
(Font)              scaled to size 10.0pt on input line 23.
LaTeX Font Info:    Trying to load font information for U+msa on input line 23.

 (C:\Users\Leonardo\AppData\Local\Programs\MiKTeX\tex/latex/amsfonts\umsa.fd
File: umsa.fd 2013/01/14 v3.01 AMS symbols A
)
LaTeX Font Info:    Trying to load font information for U+msb on input line 23.


(C:\Users\Leonardo\AppData\Local\Programs\MiKTeX\tex/latex/amsfonts\umsb.fd
File: umsb.fd 2013/01/14 v3.01 AMS symbols B
)
LaTeX Font Info:    Trying to load font information for U+rsfs on input line 23
.

(C:\Users\Leonardo\AppData\Local\Programs\MiKTeX\tex/latex/jknappen\ursfs.fd
File: ursfs.fd 1998/03/24 rsfs font definition file (jk)
)
LaTeX Font Info:    Trying to load font information for TS1+ptm on input line 3
3.

(C:\Users\Leonardo\AppData\Local\Programs\MiKTeX\tex/latex/psnfss\ts1ptm.fd
File: ts1ptm.fd 2001/06/04 font definitions for TS1/ptm.
)
LaTeX Font Info:    Trying to load font information for T1+phv on input line 45
.

(C:\Users\Leonardo\AppData\Local\Programs\MiKTeX\tex/latex/psnfss\t1phv.fd
File: t1phv.fd 2020/03/25 scalable font definitions for T1/phv.
)
(Rd2.toc [1


{C:/Users/Leonardo/AppData/Local/MiKTeX/fonts/map/pdftex/pdftex.map}])
\tf@toc=\write5
\openout5 = `Rd2.toc'.


Overfull \hbox (6.56807pt too wide) in paragraph at lines 73--76
\T1/ptm/m/n/10 pa-nia, Apu-lia and Basil-i-cata, as of June 30th 2022; some str
ings in field []\T1/zi4/m/n/10 Municipality_description
 []

[2]
Overfull \hbox (50.61728pt too wide) in paragraph at lines 112--117
\T1/ptm/m/n/10 Apu-lia and Basil-i-cata. Only the first 10 columns are in-clude
d; some strings in field []\T1/zi4/m/n/10 Municipality_description
 []

[3]
Overfull \hbox (46.80907pt too wide) in paragraph at lines 164--168
\T1/ptm/m/n/10 Some strings in-clud-ing ac-cents in fields []\T1/zi4/m/n/10 Oth
er_disturbances_proximity[]\T1/ptm/m/n/10 , []\T1/zi4/m/n/10 Other_specific_cri
ticalities
 []

[4] [5]
Overfull \hbox (2.02727pt too wide) in paragraph at lines 203--204
[]\T1/zi4/m/n/10 Railway_traffic []\T1/ptm/m/n/10 Char-ac-ter; whether the scho
ol area is close to rail-way traf-fic streams (school
 []


Overfull \hbox (2.8079pt too wide) in paragraph at lines 207--208
[]\T1/zi4/m/n/10 Other_specific_criticalities []\T1/ptm/m/n/10 Char-ac-ter; spe
-cific crit-i-cal-ity el-e-ments re-gard-ing the school
 []


Overfull \hbox (9.01765pt too wide) in paragraph at lines 236--238
\T1/ptm/m/n/10 pa-nia, Apu-lia and Basil-i-cata. The whole dataset can be re-tr
ieved with the com-mand []\T1/zi4/m/n/10 Get_nstud(2023,
 []

[6] [7] [8] [9] [10]
LaTeX Font Info:    Font shape `T1/zi4/m/n' will be
(Font)              scaled to size 9.0pt on input line 487.
 [11]
Overfull \hbox (58.40956pt too wide) in paragraph at lines 535--536
[]\T1/ptm/m/n/10 An ob-ject of class []\T1/zi4/m/n/10 tbl_df[]\T1/ptm/m/n/10 , 
[]\T1/zi4/m/n/10 tbl []\T1/ptm/m/n/10 and []\T1/zi4/m/n/10 data.frame[]\T1/ptm/
m/n/10 . The vari-ables []\T1/zi4/m/n/10 BB_Activation_date []\T1/ptm/m/n/10 an
d []\T1/zi4/m/n/10 BB_Activation_staus
 []

[12] [13] [14] [15] [16]
Overfull \hbox (58.11093pt too wide) in paragraph at lines 793--794
[]\T1/zi4/m/n/10 "ALUCORSOETAPAR"[]\T1/ptm/m/n/10 , []\T1/zi4/m/n/10 "ALUCORSOI
NDCLAPAR"[]\T1/ptm/m/n/10 , []\T1/zi4/m/n/10 "ALUITASTRACITPAR"[]\T1/ptm/m/n/10
 , []\T1/zi4/m/n/10 "ALUSECGRADOINDPAR"[]\T1/ptm/m/n/10 ,
 []

[17] [18]
Overfull \hbox (21.79868pt too wide) in paragraph at lines 932--933
\T1/ptm/m/n/10 the afore-men-tioned provinces, and for these provinces, please 
use []\T1/zi4/m/n/10 "SCUANAGRAFEPAR"
 []

[19] [20]
Overfull \hbox (7.4391pt too wide) in paragraph at lines 1013--1014
[]\T1/ptm/m/n/10 The reg-istry of school build-ings, here re-ferred to as []\T1
/zi4/m/n/10 Registry_from_buildings []\T1/ptm/m/n/10 ([][][]\T1/zi4/m/n/10 Get_
DB_MIUR[][][][]\T1/ptm/m/n/10 ) 
 []


Overfull \hbox (6.16885pt too wide) in paragraph at lines 1014--1015
[]\T1/ptm/m/n/10 The of-fi-cial schools reg-istry, here re-ferred to as []\T1/z
i4/m/n/10 Registry_from_registry []\T1/ptm/m/n/10 (see [][][]\T1/zi4/m/n/10 Get
_Registry[][][][]\T1/ptm/m/n/10 ) 
 []

[21] [22] [23]
Overfull \hbox (23.5788pt too wide) in paragraph at lines 1165--1168
[]\T1/ptm/m/n/10 Numeric or Char-ac-ter. The ref-er-ence school year, if ei-the
r []\T1/zi4/m/n/10 data []\T1/ptm/m/n/10 or []\T1/zi4/m/n/10 input_InnerAreas
 []


Overfull \hbox (16.05888pt too wide) in paragraph at lines 1165--1168
[]\T1/ptm/m/n/10 must be re-trieved. Avail-able in the for-mats: []\T1/zi4/m/n/
10 2023[]\T1/ptm/m/n/10 , []\T1/zi4/m/n/10 "2022/2023"[]\T1/ptm/m/n/10 , []\T1/
zi4/m/n/10 202223[]\T1/ptm/m/n/10 , []\T1/zi4/m/n/10 20222023[]\T1/ptm/m/n/10 .

 []

[24] [25]
Overfull \hbox (44.23833pt too wide) in paragraph at lines 1285--1286
\T1/ptm/m/n/10 across all school in-cluded in the school reg-istries (see [][][
]\T1/zi4/m/n/10 Util_Check_nstud_availability[][][][]\T1/ptm/m/n/10 ).
 []


Overfull \hbox (19.40884pt too wide) in paragraph at lines 1289--1290
[]\T1/ptm/m/n/10 Character. If []\T1/zi4/m/n/10 check == TRUE[]\T1/ptm/m/n/10 ,
 the school reg-istries in-cluded in the []\T1/zi4/m/n/10 input_School2mun
 []


Overfull \hbox (7.39003pt too wide) in paragraph at lines 1289--1290
[]\T1/zi4/m/n/10 "Registry_from_buildings" []\T1/ptm/m/n/10 (build-ings sec-tio
n), []\T1/zi4/m/n/10 "Registry_from_registry"
 []

[26]
Overfull \hbox (32.78891pt too wide) in paragraph at lines 1296--1297
\T1/ptm/m/n/10 abil-ity of the stu-dents num-ber by province; see also [][][]\T
1/zi4/m/n/10 Util_Check_nstud_availability[][][][]\T1/ptm/m/n/10 .
 []

[27] [28]
Overfull \hbox (7.35826pt too wide) in paragraph at lines 1397--1399
[]\T1/ptm/m/n/10 Object of class 'list', in-clud-ing two ob-jects of class []\T
1/zi4/m/n/10 tbl_df[]\T1/ptm/m/n/10 ', []\T1/zi4/m/n/10 tbl []\T1/ptm/m/n/10 an
d []\T1/zi4/m/n/10 data.frame[]\T1/ptm/m/n/10 ,
 []


Overfull \hbox (5.23882pt too wide) in paragraph at lines 1400--1401
[]\T1/ptm/m/n/10 Object of class []\T1/zi4/m/n/10 list[]\T1/ptm/m/n/10 , in-clu
d-ing two ob-jects of class []\T1/zi4/m/n/10 tbl_df[]\T1/ptm/m/n/10 , []\T1/zi4
/m/n/10 tbl []\T1/ptm/m/n/10 and []\T1/zi4/m/n/10 data.frame[]\T1/ptm/m/n/10 ,
 []

[29] [30] [31]
Overfull \hbox (18.75328pt too wide) in paragraph at lines 1541--1541
 []\T1/zi4/m/n/9 Map_DB(DB23, field = "Students_per_class_13", input_shp = exam
ple_Prov22_shp, level = "NUTS-3",[] 
 []

[32] [33] [34] [35] [36]
Overfull \hbox (3.56836pt too wide) in paragraph at lines 1856--1857
[]\T1/ptm/m/n/10 Logical. Whether the In-valsi cen-sus data must be in-cluded (
see [][][]\T1/zi4/m/n/10 Get_Invalsi_IS[][][][]\T1/ptm/m/n/10 .
 []

[37]
Overfull \hbox (39.5881pt too wide) in paragraph at lines 1858--1859
[]\T1/ptm/m/n/10 Logical. Whether the school build-ings dataset must be in-clud
ed (see []\T1/zi4/m/n/10 link{Get_DB_MIUR}[]\T1/ptm/m/n/10 ,
 []


Overfull \hbox (6.11804pt too wide) in paragraph at lines 1860--1861
[]\T1/ptm/m/n/10 Logical. Whether the stu-dents num-ber per class must be in-cl
uded (see [][][]\T1/zi4/m/n/10 Get_nstud[][][][]\T1/ptm/m/n/10 .
 []


Overfull \hbox (84.67874pt too wide) in paragraph at lines 1872--1873
[]\T1/ptm/m/n/10 Character. If []\T1/zi4/m/n/10 Invalsi == TRUE[]\T1/ptm/m/n/10
 , the school sub-ject(s) to in-clude, among []\T1/zi4/m/n/10 "Englis_listening
"[]\T1/ptm/m/n/10 /[]\T1/zi4/m/n/10 "ELI"[]\T1/ptm/m/n/10 ,
 []


Overfull \hbox (1.3303pt too wide) in paragraph at lines 1872--1873
[]\T1/zi4/m/n/10 "English_reading"[]\T1/ptm/m/n/10 /[]\T1/zi4/m/n/10 "ERE"[]\T1
/ptm/m/n/10 , []\T1/zi4/m/n/10 "Italian"[]\T1/ptm/m/n/10 /[]\T1/zi4/m/n/10 "Ita
" []\T1/ptm/m/n/10 and []\T1/zi4/m/n/10 "Mathematics"[]\T1/ptm/m/n/10 /[]\T1/zi
4/m/n/10 "MAT"[]\T1/ptm/m/n/10 . All
 []


Overfull \hbox (28.2273pt too wide) in paragraph at lines 1888--1889
[]\T1/ptm/m/n/10 Logical. Whether to as-sign NA to out-liers in nu-meric vari-a
bles; see [][][]\T1/zi4/m/n/10 Util_DB_MIUR_num[][][]
 []


Overfull \hbox (4.969pt too wide) in paragraph at lines 1892--1894
[]\T1/ptm/m/n/10 Numeric. If []\T1/zi4/m/n/10 nstud_missing_to_1 == TRUE[]\T1/p
tm/m/n/10 , the min-i-mum thresh-old be-low which
 []

[38]
Overfull \hbox (44.23833pt too wide) in paragraph at lines 1905--1906
\T1/ptm/m/n/10 across all school in-cluded in the school reg-istries (see [][][
]\T1/zi4/m/n/10 Util_Check_nstud_availability[][][][]\T1/ptm/m/n/10 ).
 []


Overfull \hbox (0.62854pt too wide) in paragraph at lines 1925--1927
\T1/ptm/m/n/10 the raw school build-ings dataset ob-tained as out-put of the fu
nc-tion [][][]\T1/zi4/m/n/10 Get_DB_MIUR[][][][]\T1/ptm/m/n/10 .
 []

[39]
Overfull \hbox (3.33879pt too wide) in paragraph at lines 1928--1931
[]\T1/ptm/m/n/10 Object of class []\T1/zi4/m/n/10 list[]\T1/ptm/m/n/10 , in-clu
d-ing two ob-jects of class[]\T1/zi4/m/n/10 tbl_df[]\T1/ptm/m/n/10 , []\T1/zi4/
m/n/10 tbl []\T1/ptm/m/n/10 and []\T1/zi4/m/n/10 data.frame[]\T1/ptm/m/n/10 .
 []


Overfull \hbox (40.85918pt too wide) in paragraph at lines 1932--1935
\T1/ptm/m/n/10 codes. Needed only if []\T1/zi4/m/n/10 check == TRUE[]\T1/ptm/m/
n/10 , ob-tained as out-put of the func-tion [][][]\T1/zi4/m/n/10 Get_School2mu
n[][][][]\T1/ptm/m/n/10 .
 []


Overfull \hbox (16.59077pt too wide) in paragraph at lines 1936--1939
\T1/zi4/m/n/10 == TRUE & nstud_check == TRUE[]\T1/ptm/m/n/10 , or if []\T1/zi4/
m/n/10 SchoolBuildings == TRUE[]\T1/ptm/m/n/10 , []\T1/zi4/m/n/10 input_DB_MIUR

 []


Overfull \hbox (18.97908pt too wide) in paragraph at lines 1951--1953
\T1/ptm/m/n/10 ber of teach-ers by province, ob-tained as out-put of the func-t
ion [][][]\T1/zi4/m/n/10 Get_nteachers_prov[][][][]\T1/ptm/m/n/10 .
 []

[40]
Overfull \hbox (37.74097pt too wide) in paragraph at lines 1969--1971
[][][]\T1/zi4/m/n/10 Util_DB_MIUR_num[][][][]\T1/ptm/m/n/10 , [][][]\T1/zi4/m/n
/10 Group_DB_MIUR[][][][]\T1/ptm/m/n/10 , [][][]\T1/zi4/m/n/10 Group_nstud[][][
][]\T1/ptm/m/n/10 , [][][]\T1/zi4/m/n/10 Util_Check_nstud_availability[][][][]\
T1/ptm/m/n/10 , [][][]\T1/zi4/m/n/10 Get_School2mun[][][]
 []

[41]
Overfull \hbox (37.83932pt too wide) in paragraph at lines 2030--2031
[]\T1/ptm/m/n/10 Object of class []\T1/zi4/m/n/10 tbl_df[]\T1/ptm/m/n/10 , []\T
1/zi4/m/n/10 tbl []\T1/ptm/m/n/10 and []\T1/zi4/m/n/10 data.frame[]\T1/ptm/m/n/
10 , ob-tained as out-put of the [][][]\T1/zi4/m/n/10 Util_nstud_wide[][][]
 []


Overfull \hbox (82.72922pt too wide) in paragraph at lines 2041--2042
\T1/ptm/m/n/10 which reg-istry must be plot-ted; ei-ther []\T1/zi4/m/n/10 "Regi
stry_from_buildings"[]\T1/ptm/m/n/10 , []\T1/zi4/m/n/10 "Registry_from_registry
"[]\T1/ptm/m/n/10 ,
 []

[42] [43] [44] [45] [46]
Overfull \hbox (5.04887pt too wide) in paragraph at lines 2295--2296
[]\T1/ptm/m/n/10 Character. The school sub-ject(s) to in-clude, among []\T1/zi4
/m/n/10 "Englis_listening"[]\T1/ptm/m/n/10 /[]\T1/zi4/m/n/10 "ELI"[]\T1/ptm/m/n
/10 ,
 []


Overfull \hbox (1.3303pt too wide) in paragraph at lines 2295--2296
[]\T1/zi4/m/n/10 "English_reading"[]\T1/ptm/m/n/10 /[]\T1/zi4/m/n/10 "ERE"[]\T1
/ptm/m/n/10 , []\T1/zi4/m/n/10 "Italian"[]\T1/ptm/m/n/10 /[]\T1/zi4/m/n/10 "ITA
" []\T1/ptm/m/n/10 and []\T1/zi4/m/n/10 "Mathematics"[]\T1/ptm/m/n/10 /[]\T1/zi
4/m/n/10 "MAT"[]\T1/ptm/m/n/10 . All
 []


Overfull \hbox (23.24408pt too wide) in paragraph at lines 2331--2331
 []\T1/zi4/m/n/9 Util_Invalsi_filter(subj = c("Italian", "Mathematics"), grade 
= 5, level = "NUTS-3", Year = 2023,[] 
 []


Overfull \hbox (23.24408pt too wide) in paragraph at lines 2334--2334
 []\T1/zi4/m/n/9 Util_Invalsi_filter(subj = c("Italian", "Mathematics"), grade 
= 5, level = "NUTS-3", Year = 2023,[] 
 []

[47]
Overfull \hbox (5.23882pt too wide) in paragraph at lines 2370--2372
[]\T1/ptm/m/n/10 Object of class []\T1/zi4/m/n/10 list[]\T1/ptm/m/n/10 , in-clu
d-ing two ob-jects of class []\T1/zi4/m/n/10 tbl_df[]\T1/ptm/m/n/10 , []\T1/zi4
/m/n/10 tbl []\T1/ptm/m/n/10 and []\T1/zi4/m/n/10 data.frame[]\T1/ptm/m/n/10 ,
 []


Overfull \hbox (48.31877pt too wide) in paragraph at lines 2373--2374
\T1/ptm/m/n/10 ing and the num-ber of stu-dents is be-low a thresh-old (ar-gu-m
ent []\T1/zi4/m/n/10 nstud_imputation_thresh[]\T1/ptm/m/n/10 ).
 []

[48] (Rd2.ind [49]

LaTeX Font Warning: Font shape `T1/zi4/m/it' undefined
(Font)              using `T1/zi4/m/n' instead on input line 98.

[50

]) (Rd2.aux)

LaTeX Font Warning: Some font shapes were not available, defaults substituted.

Package rerunfilecheck Info: File `Rd2.out' has not changed.
(rerunfilecheck)             Checksum: 2F6469530E92F4253B27427DF6C0BBCB;4828.
 ) 
Here is how much of TeX's memory you used:
 10677 strings out of 478593
 166772 string characters out of 2843189
 451179 words of memory out of 3000000
 28365 multiletter control sequences out of 15000+600000
 506016 words of font info for 73 fonts, out of 8000000 for 9000
 1141 hyphenation exceptions out of 8191
 77i,6n,79p,570b,618s stack positions out of 5000i,500n,10000p,200000b,80000s
{C:/Users/Leonardo/AppData/Local/Programs/MiKTeX/fonts/enc/dvips/base/8r.enc}
{C:/Users/Leonardo/AppData/Local/Programs/MiKTeX/fonts/enc/dvips/inconsolata/i4
-t1-0.enc}<C:/Users/Leonardo/AppData/Local/Programs/MiKTeX/fonts/type1/public/i
nconsolata/Inconsolata-zi4r.pfb><C:/Users/Leonardo/AppData/Local/Programs/MiKTe
X/fonts/type1/public/amsfonts/cm/cmsy10.pfb><C:/Users/Leonardo/AppData/Local/Pr
ograms/MiKTeX/fonts/type1/urw/helvetic/uhvr8a.pfb><C:/Users/Leonardo/AppData/Lo
cal/Programs/MiKTeX/fonts/type1/urw/times/utmb8a.pfb><C:/Users/Leonardo/AppData
/Local/Programs/MiKTeX/fonts/type1/urw/times/utmr8a.pfb><C:/Users/Leonardo/AppD
ata/Local/Programs/MiKTeX/fonts/type1/urw/times/utmr8a.pfb><C:/Users/Leonardo/A
ppData/Local/Programs/MiKTeX/fonts/type1/urw/times/utmri8a.pfb>
Output written on Rd2.pdf (50 pages, 321481 bytes).
PDF statistics:
 941 PDF objects out of 1000 (max. 8388607)
 297 named destinations out of 1000 (max. 500000)
 265 words of extra memory for PDF output out of 10000 (max. 10000000)

